<?xml version="1.0" encoding="UTF-8" standalone="no"?><testsuite errors="0" failures="1" name="Manter Produtos" skipped="0" tests="5" time="2.31" timestamp="2023-10-11 03:50:19"><testcase name="Cadastrar novo Produto"/><testcase name="Alterar Produto"/><testcase name="Pesquisar produto por ID"/><testcase name="Excluir produto por ID (Cenário com falha)"><failure message="expected:&lt;200&gt; but was:&lt;400&gt;" type="java.lang.AssertionError">expected:&lt;200&gt; but was:&lt;400&gt;</failure><system-err>expected:&lt;200&gt; but was:&lt;400&gt;&#13;
com.mpsc.base.steps.definitionSteps.DefinitionStepsDelete.o_delete_devera_retornar_o_status(DefinitionStepsDelete.java:35)&#13;
✽.o DELETE devera retornar o status 200(file:///C:/projetos/poc-automated-api-mpsc-serenity/src/test/resources/features/produtos/01%20-%20Manter%20Produtos.feature:27)&#13;
</system-err></testcase><testcase name="Listar Todos os Produtos"/></testsuite>